<?xml version="1.0" encoding="UTF-8"?>
<robot generator="Robot 6.1.1 (Python 3.11.0 on win32)" generated="20240619 13:31:13.462" rpa="false" schemaversion="4">
<suite id="s1" name="Basics" source="c:\Training_Project\Robot-Basics\Tests\Basics.robot">
<test id="s1-t1" name="Test 1" line="15">
<kw name="Log To Console" library="BuiltIn">
<arg>Hello world!</arg>
<doc>Logs the given message to the console.</doc>
<status status="PASS" starttime="20240619 13:31:15.260" endtime="20240619 13:31:15.260"/>
</kw>
<kw name="Open Browser" library="RPA.Browser.Selenium">
<arg>browser=chrome</arg>
<doc>Opens a new browser instance to the optional ``url``.</doc>
<msg timestamp="20240619 13:31:15.260" level="INFO">Opening browser 'chrome' to base url 'None'.</msg>
<status status="PASS" starttime="20240619 13:31:15.260" endtime="20240619 13:31:21.729"/>
</kw>
<kw name="Go To" library="RPA.Browser.Selenium">
<arg>https://www.google.com/</arg>
<doc>Navigates the current browser window to the provided ``url``.</doc>
<msg timestamp="20240619 13:31:21.736" level="INFO">Opening url 'https://www.google.com/'</msg>
<status status="PASS" starttime="20240619 13:31:21.730" endtime="20240619 13:31:22.197"/>
</kw>
<kw name="Wait Until Element Is Visible" library="RPA.Browser.Selenium">
<arg>(//button)[4]</arg>
<doc>Waits until the element ``locator`` is visible.</doc>
<status status="PASS" starttime="20240619 13:31:22.204" endtime="20240619 13:31:23.435"/>
</kw>
<kw name="Click Element" library="RPA.Browser.Selenium">
<arg>(//button)[4]</arg>
<doc>Click the element identified by ``locator``.</doc>
<msg timestamp="20240619 13:31:23.435" level="INFO">Clicking element '(//button)[4]'.</msg>
<status status="PASS" starttime="20240619 13:31:23.435" endtime="20240619 13:31:23.544"/>
</kw>
<status status="PASS" starttime="20240619 13:31:15.257" endtime="20240619 13:31:23.547"/>
</test>
<status status="PASS" starttime="20240619 13:31:13.480" endtime="20240619 13:31:23.557"/>
</suite>
<statistics>
<total>
<stat pass="1" fail="0" skip="0">All Tests</stat>
</total>
<tag>
</tag>
<suite>
<stat pass="1" fail="0" skip="0" id="s1" name="Basics">Basics</stat>
</suite>
</statistics>
<errors>
<msg timestamp="20240619 13:31:15.223" level="WARN">Imported resource file 'c:\Training_Project\Robot-Basics\Tests\Resources\variables.resource' is empty.</msg>
</errors>
</robot>
